Drill report for Led_Cube_BaseControlerV2.kicad_pcb
Created on 12/27/2023 12:10:00 AM

Copper Layer Stackup:
    =============================================================
    L1 :  F.Cu                      front
    L2 :  B.Cu                      back


Drill file 'Led_Cube_BaseControlerV2-PTH.drl' contains
    plated through holes:
    =============================================================
    T1  0.400mm  0.0157"  (42 holes)
    T2  0.700mm  0.0276"  (128 holes)
    T3  0.800mm  0.0315"  (128 holes)
    T4  0.950mm  0.0374"  (69 holes)
    T5  1.320mm  0.0520"  (2 holes)

    Total plated holes count 369


Drill file 'Led_Cube_BaseControlerV2-NPTH.drl' contains
    unplated through holes:
    =============================================================
    T1  2.100mm  0.0827"  (2 holes)

    Total unplated holes count 2
